DEBUG main druid.sql.Connection - {conn-10001} pool-connect
DEBUG main druid.sql.Statement - {conn-10001, pstmt-20000} created. select * from accommodation_information
DEBUG main druid.sql.Statement - {conn-10001, pstmt-20000} Parameters : []
DEBUG main druid.sql.Statement - {conn-10001, pstmt-20000} Types : []
DEBUG main druid.sql.Statement - {conn-10001, pstmt-20000} executed. 7.3274 millis. select * from accommodation_information
DEBUG main druid.sql.ResultSet - {conn-10001, pstmt-20000, rs-50000} open
DEBUG main druid.sql.ResultSet - {conn-10001, pstmt-20000, rs-50000} Header: [accommodation_information_no, accommodation_information_stu_no, accommodation_information_room_no, accommodation_information_bed]
DEBUG main druid.sql.ResultSet - {conn-10001, pstmt-20000, rs-50000} closed
DEBUG main druid.sql.Statement - {conn-10001, pstmt-20000} clearParameters. 
DEBUG main druid.sql.Connection - {conn-10001} pool-recycle
DEBUG SpringApplicationShutdownHook druid.sql.Statement - {conn-10001, pstmt-20000} closed
DEBUG SpringApplicationShutdownHook druid.sql.Connection - {conn-10001} closed
DEBUG Druid-ConnectionPool-Create-1989102402 druid.sql.Connection - {conn-10001} connected
DEBUG main druid.sql.Connection - {conn-10001} pool-connect
DEBUG main druid.sql.Statement - {conn-10001, pstmt-20000} created. select * from accommodation_information
DEBUG main druid.sql.Statement - {conn-10001, pstmt-20000} Parameters : []
DEBUG main druid.sql.Statement - {conn-10001, pstmt-20000} Types : []
DEBUG main druid.sql.Statement - {conn-10001, pstmt-20000} executed. 7.7663 millis. select * from accommodation_information
DEBUG main druid.sql.ResultSet - {conn-10001, pstmt-20000, rs-50000} open
DEBUG main druid.sql.ResultSet - {conn-10001, pstmt-20000, rs-50000} Header: [accommodation_information_no, accommodation_information_stu_no, accommodation_information_room_no, accommodation_information_bed, accommodation_information_building]
DEBUG main druid.sql.ResultSet - {conn-10001, pstmt-20000, rs-50000} Result: [1, 20204177, 兰园5栋, 205, 3床]
DEBUG main druid.sql.ResultSet - {conn-10001, pstmt-20000, rs-50000} closed
DEBUG main druid.sql.Statement - {conn-10001, pstmt-20000} clearParameters. 
DEBUG main druid.sql.Connection - {conn-10001} pool-recycle
DEBUG SpringApplicationShutdownHook druid.sql.Statement - {conn-10001, pstmt-20000} closed
DEBUG SpringApplicationShutdownHook druid.sql.Connection - {conn-10001} closed
